<?xml version="1.0" encoding="UTF-8"?>
<coverage generated="1641361735453" clover="3.2.0">
  <project timestamp="1641361735453" name="All files">
    <metrics statements="116" coveredstatements="116" conditionals="50" coveredconditionals="48" methods="10" coveredmethods="10" elements="176" coveredelements="174" complexity="0" loc="116" ncloc="116" packages="1" files="1" classes="1"/>
    <file name="Mixin.js" path="/Users/greg/git/canvas-fun/js/Mixin.js">
      <metrics statements="116" coveredstatements="116" conditionals="50" coveredconditionals="48" methods="10" coveredmethods="10"/>
      <line num="1" count="1" type="stmt"/>
      <line num="2" count="1" type="cond" truecount="1" falsecount="0"/>
      <line num="3" count="18" type="stmt"/>
      <line num="4" count="18" type="cond" truecount="2" falsecount="0"/>
      <line num="5" count="16" type="stmt"/>
      <line num="6" count="16" type="stmt"/>
      <line num="7" count="1" type="cond" truecount="1" falsecount="0"/>
      <line num="8" count="16" type="stmt"/>
      <line num="9" count="16" type="stmt"/>
      <line num="10" count="16" type="cond" truecount="2" falsecount="0"/>
      <line num="11" count="14" type="stmt"/>
      <line num="12" count="14" type="stmt"/>
      <line num="13" count="14" type="stmt"/>
      <line num="14" count="1" type="cond" truecount="1" falsecount="0"/>
      <line num="15" count="1" type="cond" truecount="1" falsecount="0"/>
      <line num="16" count="46" type="cond" truecount="2" falsecount="0"/>
      <line num="17" count="45" type="stmt"/>
      <line num="18" count="45" type="stmt"/>
      <line num="19" count="1" type="cond" truecount="1" falsecount="0"/>
      <line num="20" count="2" type="cond" truecount="1" falsecount="0"/>
      <line num="21" count="1" type="stmt"/>
      <line num="22" count="1" type="stmt"/>
      <line num="23" count="1" type="stmt"/>
      <line num="24" count="1" type="stmt"/>
      <line num="25" count="1" type="stmt"/>
      <line num="26" count="1" type="stmt"/>
      <line num="27" count="1" type="stmt"/>
      <line num="28" count="1" type="stmt"/>
      <line num="29" count="1" type="stmt"/>
      <line num="30" count="1" type="stmt"/>
      <line num="31" count="1" type="cond" truecount="1" falsecount="0"/>
      <line num="32" count="35" type="stmt"/>
      <line num="33" count="35" type="cond" truecount="2" falsecount="0"/>
      <line num="34" count="35" type="cond" truecount="1" falsecount="0"/>
      <line num="35" count="11" type="cond" truecount="1" falsecount="0"/>
      <line num="36" count="5" type="stmt"/>
      <line num="37" count="5" type="stmt"/>
      <line num="38" count="5" type="stmt"/>
      <line num="39" count="6" type="cond" truecount="1" falsecount="0"/>
      <line num="40" count="6" type="stmt"/>
      <line num="41" count="30" type="cond" truecount="1" falsecount="0"/>
      <line num="42" count="35" type="cond" truecount="1" falsecount="1"/>
      <line num="43" count="35" type="cond" truecount="2" falsecount="0"/>
      <line num="44" count="1" type="stmt"/>
      <line num="45" count="1" type="stmt"/>
      <line num="46" count="1" type="stmt"/>
      <line num="47" count="35" type="stmt"/>
      <line num="48" count="1" type="cond" truecount="1" falsecount="0"/>
      <line num="49" count="13" type="stmt"/>
      <line num="50" count="13" type="stmt"/>
      <line num="51" count="13" type="stmt"/>
      <line num="52" count="13" type="stmt"/>
      <line num="53" count="13" type="stmt"/>
      <line num="54" count="13" type="cond" truecount="2" falsecount="0"/>
      <line num="55" count="4" type="stmt"/>
      <line num="56" count="4" type="cond" truecount="0" falsecount="1"/>
      <line num="57" count="4" type="stmt"/>
      <line num="58" count="4" type="cond" truecount="1" falsecount="0"/>
      <line num="59" count="12" type="stmt"/>
      <line num="60" count="12" type="stmt"/>
      <line num="61" count="12" type="stmt"/>
      <line num="62" count="12" type="cond" truecount="1" falsecount="0"/>
      <line num="63" count="12" type="stmt"/>
      <line num="64" count="12" type="stmt"/>
      <line num="65" count="4" type="cond" truecount="1" falsecount="0"/>
      <line num="66" count="8" type="cond" truecount="2" falsecount="0"/>
      <line num="67" count="1" type="stmt"/>
      <line num="68" count="1" type="stmt"/>
      <line num="69" count="4" type="stmt"/>
      <line num="70" count="9" type="cond" truecount="1" falsecount="0"/>
      <line num="71" count="9" type="stmt"/>
      <line num="72" count="9" type="cond" truecount="1" falsecount="0"/>
      <line num="73" count="23" type="stmt"/>
      <line num="74" count="23" type="stmt"/>
      <line num="75" count="23" type="stmt"/>
      <line num="76" count="23" type="stmt"/>
      <line num="77" count="23" type="stmt"/>
      <line num="78" count="23" type="cond" truecount="1" falsecount="0"/>
      <line num="79" count="23" type="stmt"/>
      <line num="80" count="9" type="stmt"/>
      <line num="81" count="13" type="cond" truecount="2" falsecount="0"/>
      <line num="82" count="8" type="stmt"/>
      <line num="83" count="8" type="stmt"/>
      <line num="84" count="1" type="cond" truecount="1" falsecount="0"/>
      <line num="85" count="17" type="stmt"/>
      <line num="86" count="17" type="stmt"/>
      <line num="87" count="17" type="stmt"/>
      <line num="88" count="17" type="stmt"/>
      <line num="89" count="1" type="cond" truecount="1" falsecount="0"/>
      <line num="90" count="4" type="stmt"/>
      <line num="91" count="4" type="cond" truecount="1" falsecount="0"/>
      <line num="92" count="6" type="stmt"/>
      <line num="93" count="6" type="cond" truecount="1" falsecount="0"/>
      <line num="94" count="11" type="cond" truecount="2" falsecount="0"/>
      <line num="95" count="11" type="stmt"/>
      <line num="96" count="5" type="cond" truecount="1" falsecount="0"/>
      <line num="97" count="6" type="cond" truecount="2" falsecount="0"/>
      <line num="98" count="4" type="stmt"/>
      <line num="99" count="4" type="stmt"/>
      <line num="100" count="4" type="stmt"/>
      <line num="101" count="2" type="cond" truecount="1" falsecount="0"/>
      <line num="102" count="1" type="cond" truecount="1" falsecount="0"/>
      <line num="103" count="16" type="cond" truecount="1" falsecount="0"/>
      <line num="104" count="16" type="cond" truecount="1" falsecount="0"/>
      <line num="105" count="11" type="stmt"/>
      <line num="106" count="11" type="stmt"/>
      <line num="107" count="11" type="stmt"/>
      <line num="108" count="16" type="stmt"/>
      <line num="109" count="1" type="stmt"/>
      <line num="110" count="1" type="stmt"/>
      <line num="111" count="1" type="stmt"/>
      <line num="112" count="1" type="stmt"/>
      <line num="113" count="1" type="stmt"/>
      <line num="114" count="1" type="stmt"/>
      <line num="115" count="1" type="stmt"/>
      <line num="116" count="1" type="stmt"/>
    </file>
  </project>
</coverage>
