{"/Users/greg/git/canvas-fun/js/Mixin.js": {"path":"/Users/greg/git/canvas-fun/js/Mixin.js","all":false,"statementMap":{"0":{"start":{"line":1,"column":0},"end":{"line":1,"column":13}},"1":{"start":{"line":2,"column":0},"end":{"line":2,"column":23}},"2":{"start":{"line":3,"column":0},"end":{"line":3,"column":60}},"3":{"start":{"line":4,"column":0},"end":{"line":4,"column":65}},"4":{"start":{"line":5,"column":0},"end":{"line":5,"column":23}},"5":{"start":{"line":6,"column":0},"end":{"line":6,"column":5}},"6":{"start":{"line":7,"column":0},"end":{"line":7,"column":26}},"7":{"start":{"line":8,"column":0},"end":{"line":8,"column":25}},"8":{"start":{"line":9,"column":0},"end":{"line":9,"column":34}},"9":{"start":{"line":10,"column":0},"end":{"line":10,"column":89}},"10":{"start":{"line":11,"column":0},"end":{"line":11,"column":32}},"11":{"start":{"line":12,"column":0},"end":{"line":12,"column":31}},"12":{"start":{"line":13,"column":0},"end":{"line":13,"column":5}},"13":{"start":{"line":14,"column":0},"end":{"line":14,"column":28}},"14":{"start":{"line":15,"column":0},"end":{"line":15,"column":38}},"15":{"start":{"line":16,"column":0},"end":{"line":16,"column":85}},"16":{"start":{"line":17,"column":0},"end":{"line":17,"column":45}},"17":{"start":{"line":18,"column":0},"end":{"line":18,"column":10}},"18":{"start":{"line":19,"column":0},"end":{"line":19,"column":45}},"19":{"start":{"line":20,"column":0},"end":{"line":20,"column":116}},"20":{"start":{"line":21,"column":0},"end":{"line":21,"column":52}},"21":{"start":{"line":22,"column":0},"end":{"line":22,"column":9}},"22":{"start":{"line":23,"column":0},"end":{"line":23,"column":6}},"23":{"start":{"line":24,"column":0},"end":{"line":24,"column":31}},"24":{"start":{"line":25,"column":0},"end":{"line":25,"column":44}},"25":{"start":{"line":26,"column":0},"end":{"line":26,"column":42}},"26":{"start":{"line":27,"column":0},"end":{"line":27,"column":32}},"27":{"start":{"line":28,"column":0},"end":{"line":28,"column":55}},"28":{"start":{"line":29,"column":0},"end":{"line":29,"column":9}},"29":{"start":{"line":30,"column":0},"end":{"line":30,"column":6}},"30":{"start":{"line":31,"column":0},"end":{"line":31,"column":65}},"31":{"start":{"line":32,"column":0},"end":{"line":32,"column":66}},"32":{"start":{"line":33,"column":0},"end":{"line":33,"column":114}},"33":{"start":{"line":34,"column":0},"end":{"line":34,"column":32}},"34":{"start":{"line":35,"column":0},"end":{"line":35,"column":53}},"35":{"start":{"line":36,"column":0},"end":{"line":36,"column":89}},"36":{"start":{"line":37,"column":0},"end":{"line":37,"column":97}},"37":{"start":{"line":38,"column":0},"end":{"line":38,"column":13}},"38":{"start":{"line":39,"column":0},"end":{"line":39,"column":57}},"39":{"start":{"line":40,"column":0},"end":{"line":40,"column":9}},"40":{"start":{"line":41,"column":0},"end":{"line":41,"column":28}},"41":{"start":{"line":42,"column":0},"end":{"line":42,"column":117}},"42":{"start":{"line":43,"column":0},"end":{"line":43,"column":46}},"43":{"start":{"line":44,"column":0},"end":{"line":44,"column":104}},"44":{"start":{"line":45,"column":0},"end":{"line":45,"column":105}},"45":{"start":{"line":46,"column":0},"end":{"line":46,"column":9}},"46":{"start":{"line":47,"column":0},"end":{"line":47,"column":5}},"47":{"start":{"line":48,"column":0},"end":{"line":48,"column":36}},"48":{"start":{"line":49,"column":0},"end":{"line":49,"column":74}},"49":{"start":{"line":50,"column":0},"end":{"line":50,"column":61}},"50":{"start":{"line":51,"column":0},"end":{"line":51,"column":39}},"51":{"start":{"line":52,"column":0},"end":{"line":52,"column":24}},"52":{"start":{"line":53,"column":0},"end":{"line":53,"column":49}},"53":{"start":{"line":54,"column":0},"end":{"line":54,"column":73}},"54":{"start":{"line":55,"column":0},"end":{"line":55,"column":52}},"55":{"start":{"line":56,"column":0},"end":{"line":56,"column":33}},"56":{"start":{"line":57,"column":0},"end":{"line":57,"column":22}},"57":{"start":{"line":58,"column":0},"end":{"line":58,"column":44}},"58":{"start":{"line":59,"column":0},"end":{"line":59,"column":37}},"59":{"start":{"line":60,"column":0},"end":{"line":60,"column":50}},"60":{"start":{"line":61,"column":0},"end":{"line":61,"column":86}},"61":{"start":{"line":62,"column":0},"end":{"line":62,"column":46}},"62":{"start":{"line":63,"column":0},"end":{"line":63,"column":20}},"63":{"start":{"line":64,"column":0},"end":{"line":64,"column":13}},"64":{"start":{"line":65,"column":0},"end":{"line":65,"column":49}},"65":{"start":{"line":66,"column":0},"end":{"line":66,"column":58}},"66":{"start":{"line":67,"column":0},"end":{"line":67,"column":79}},"67":{"start":{"line":68,"column":0},"end":{"line":68,"column":13}},"68":{"start":{"line":69,"column":0},"end":{"line":69,"column":9}},"69":{"start":{"line":70,"column":0},"end":{"line":70,"column":14}},"70":{"start":{"line":71,"column":0},"end":{"line":71,"column":62}},"71":{"start":{"line":72,"column":0},"end":{"line":72,"column":59}},"72":{"start":{"line":73,"column":0},"end":{"line":73,"column":74}},"73":{"start":{"line":74,"column":0},"end":{"line":74,"column":43}},"74":{"start":{"line":75,"column":0},"end":{"line":75,"column":34}},"75":{"start":{"line":76,"column":0},"end":{"line":76,"column":50}},"76":{"start":{"line":77,"column":0},"end":{"line":77,"column":86}},"77":{"start":{"line":78,"column":0},"end":{"line":78,"column":46}},"78":{"start":{"line":79,"column":0},"end":{"line":79,"column":13}},"79":{"start":{"line":80,"column":0},"end":{"line":80,"column":9}},"80":{"start":{"line":81,"column":0},"end":{"line":81,"column":65}},"81":{"start":{"line":82,"column":0},"end":{"line":82,"column":35}},"82":{"start":{"line":83,"column":0},"end":{"line":83,"column":5}},"83":{"start":{"line":84,"column":0},"end":{"line":84,"column":22}},"84":{"start":{"line":85,"column":0},"end":{"line":85,"column":28}},"85":{"start":{"line":86,"column":0},"end":{"line":86,"column":56}},"86":{"start":{"line":87,"column":0},"end":{"line":87,"column":21}},"87":{"start":{"line":88,"column":0},"end":{"line":88,"column":5}},"88":{"start":{"line":89,"column":0},"end":{"line":89,"column":32}},"89":{"start":{"line":90,"column":0},"end":{"line":90,"column":112}},"90":{"start":{"line":91,"column":0},"end":{"line":91,"column":42}},"91":{"start":{"line":92,"column":0},"end":{"line":92,"column":110}},"92":{"start":{"line":93,"column":0},"end":{"line":93,"column":32}},"93":{"start":{"line":94,"column":0},"end":{"line":94,"column":118}},"94":{"start":{"line":95,"column":0},"end":{"line":95,"column":28}},"95":{"start":{"line":96,"column":0},"end":{"line":96,"column":130}},"96":{"start":{"line":97,"column":0},"end":{"line":97,"column":20}},"97":{"start":{"line":98,"column":0},"end":{"line":98,"column":5}},"98":{"start":{"line":99,"column":0},"end":{"line":99,"column":26}},"99":{"start":{"line":100,"column":0},"end":{"line":100,"column":44}},"100":{"start":{"line":101,"column":0},"end":{"line":101,"column":37}},"101":{"start":{"line":102,"column":0},"end":{"line":102,"column":54}},"102":{"start":{"line":103,"column":0},"end":{"line":103,"column":49}},"103":{"start":{"line":104,"column":0},"end":{"line":104,"column":49}},"104":{"start":{"line":105,"column":0},"end":{"line":105,"column":5}},"105":{"start":{"line":106,"column":0},"end":{"line":106,"column":15}},"106":{"start":{"line":107,"column":0},"end":{"line":107,"column":52}},"107":{"start":{"line":108,"column":0},"end":{"line":108,"column":47}},"108":{"start":{"line":109,"column":0},"end":{"line":109,"column":35}},"109":{"start":{"line":110,"column":0},"end":{"line":110,"column":30}},"110":{"start":{"line":111,"column":0},"end":{"line":111,"column":9}},"111":{"start":{"line":112,"column":0},"end":{"line":112,"column":5}},"112":{"start":{"line":113,"column":0},"end":{"line":113,"column":28}},"113":{"start":{"line":114,"column":0},"end":{"line":114,"column":107}},"114":{"start":{"line":115,"column":0},"end":{"line":115,"column":5}},"115":{"start":{"line":116,"column":0},"end":{"line":116,"column":1}},"116":{"start":{"line":117,"column":0},"end":{"line":117,"column":0}},"117":{"start":{"line":118,"column":0},"end":{"line":118,"column":13}},"118":{"start":{"line":119,"column":0},"end":{"line":119,"column":27}},"119":{"start":{"line":120,"column":0},"end":{"line":120,"column":1}}},"s":{"0":1,"1":1,"2":15,"3":15,"4":13,"5":13,"6":1,"7":13,"8":13,"9":13,"10":11,"11":11,"12":11,"13":1,"14":1,"15":34,"16":33,"17":33,"18":1,"19":1,"20":0,"21":0,"22":1,"23":1,"24":1,"25":0,"26":0,"27":0,"28":0,"29":1,"30":1,"31":24,"32":24,"33":24,"34":9,"35":4,"36":4,"37":4,"38":5,"39":5,"40":20,"41":24,"42":24,"43":1,"44":1,"45":1,"46":24,"47":1,"48":8,"49":8,"50":8,"51":8,"52":8,"53":8,"54":3,"55":3,"56":3,"57":3,"58":9,"59":9,"60":9,"61":9,"62":9,"63":9,"64":3,"65":6,"66":0,"67":0,"68":3,"69":5,"70":5,"71":5,"72":15,"73":15,"74":15,"75":15,"76":15,"77":15,"78":15,"79":5,"80":8,"81":4,"82":4,"83":1,"84":11,"85":11,"86":11,"87":11,"88":1,"89":0,"90":0,"91":0,"92":0,"93":0,"94":0,"95":0,"96":0,"97":0,"98":1,"99":0,"100":0,"101":0,"102":0,"103":0,"104":0,"105":1,"106":13,"107":13,"108":0,"109":0,"110":0,"111":13,"112":1,"113":0,"114":0,"115":1,"116":1,"117":1,"118":1,"119":1},"branchMap":{"0":{"type":"branch","line":2,"loc":{"start":{"line":2,"column":4},"end":{"line":6,"column":5}},"locations":[{"start":{"line":2,"column":4},"end":{"line":6,"column":5}}]},"1":{"type":"branch","line":4,"loc":{"start":{"line":4,"column":27},"end":{"line":4,"column":33}},"locations":[{"start":{"line":4,"column":27},"end":{"line":4,"column":33}}]},"2":{"type":"branch","line":4,"loc":{"start":{"line":4,"column":27},"end":{"line":6,"column":5}},"locations":[{"start":{"line":4,"column":27},"end":{"line":6,"column":5}}]},"3":{"type":"branch","line":7,"loc":{"start":{"line":7,"column":11},"end":{"line":13,"column":5}},"locations":[{"start":{"line":7,"column":11},"end":{"line":13,"column":5}}]},"4":{"type":"branch","line":10,"loc":{"start":{"line":10,"column":37},"end":{"line":10,"column":43}},"locations":[{"start":{"line":10,"column":37},"end":{"line":10,"column":43}}]},"5":{"type":"branch","line":10,"loc":{"start":{"line":10,"column":37},"end":{"line":13,"column":5}},"locations":[{"start":{"line":10,"column":37},"end":{"line":13,"column":5}}]},"6":{"type":"branch","line":14,"loc":{"start":{"line":14,"column":24},"end":{"line":24,"column":31}},"locations":[{"start":{"line":14,"column":24},"end":{"line":24,"column":31}}]},"7":{"type":"branch","line":15,"loc":{"start":{"line":15,"column":13},"end":{"line":18,"column":10}},"locations":[{"start":{"line":15,"column":13},"end":{"line":18,"column":10}}]},"8":{"type":"branch","line":16,"loc":{"start":{"line":16,"column":44},"end":{"line":16,"column":50}},"locations":[{"start":{"line":16,"column":44},"end":{"line":16,"column":50}}]},"9":{"type":"branch","line":16,"loc":{"start":{"line":16,"column":44},"end":{"line":18,"column":10}},"locations":[{"start":{"line":16,"column":44},"end":{"line":18,"column":10}}]},"10":{"type":"branch","line":19,"loc":{"start":{"line":19,"column":13},"end":{"line":22,"column":9}},"locations":[{"start":{"line":19,"column":13},"end":{"line":22,"column":9}}]},"11":{"type":"branch","line":20,"loc":{"start":{"line":20,"column":63},"end":{"line":22,"column":9}},"locations":[{"start":{"line":20,"column":63},"end":{"line":22,"column":9}}]},"12":{"type":"branch","line":31,"loc":{"start":{"line":31,"column":11},"end":{"line":47,"column":5}},"locations":[{"start":{"line":31,"column":11},"end":{"line":47,"column":5}}]},"13":{"type":"branch","line":33,"loc":{"start":{"line":33,"column":17},"end":{"line":33,"column":84}},"locations":[{"start":{"line":33,"column":17},"end":{"line":33,"column":84}}]},"14":{"type":"branch","line":33,"loc":{"start":{"line":33,"column":17},"end":{"line":33,"column":114}},"locations":[{"start":{"line":33,"column":17},"end":{"line":33,"column":114}}]},"15":{"type":"branch","line":34,"loc":{"start":{"line":34,"column":31},"end":{"line":40,"column":9}},"locations":[{"start":{"line":34,"column":31},"end":{"line":40,"column":9}}]},"16":{"type":"branch","line":35,"loc":{"start":{"line":35,"column":52},"end":{"line":38,"column":13}},"locations":[{"start":{"line":35,"column":52},"end":{"line":38,"column":13}}]},"17":{"type":"branch","line":39,"loc":{"start":{"line":39,"column":-1},"end":{"line":40,"column":9}},"locations":[{"start":{"line":39,"column":-1},"end":{"line":40,"column":9}}]},"18":{"type":"branch","line":41,"loc":{"start":{"line":41,"column":-1},"end":{"line":42,"column":24}},"locations":[{"start":{"line":41,"column":-1},"end":{"line":42,"column":24}}]},"19":{"type":"branch","line":42,"loc":{"start":{"line":42,"column":17},"end":{"line":42,"column":86}},"locations":[{"start":{"line":42,"column":17},"end":{"line":42,"column":86}}]},"20":{"type":"branch","line":42,"loc":{"start":{"line":42,"column":17},"end":{"line":42,"column":117}},"locations":[{"start":{"line":42,"column":17},"end":{"line":42,"column":117}}]},"21":{"type":"branch","line":43,"loc":{"start":{"line":43,"column":12},"end":{"line":43,"column":45}},"locations":[{"start":{"line":43,"column":12},"end":{"line":43,"column":45}}]},"22":{"type":"branch","line":43,"loc":{"start":{"line":43,"column":45},"end":{"line":46,"column":9}},"locations":[{"start":{"line":43,"column":45},"end":{"line":46,"column":9}}]},"23":{"type":"branch","line":48,"loc":{"start":{"line":48,"column":11},"end":{"line":83,"column":5}},"locations":[{"start":{"line":48,"column":11},"end":{"line":83,"column":5}}]},"24":{"type":"branch","line":54,"loc":{"start":{"line":54,"column":12},"end":{"line":54,"column":72}},"locations":[{"start":{"line":54,"column":12},"end":{"line":54,"column":72}}]},"25":{"type":"branch","line":54,"loc":{"start":{"line":54,"column":72},"end":{"line":69,"column":9}},"locations":[{"start":{"line":54,"column":72},"end":{"line":69,"column":9}}]},"26":{"type":"branch","line":56,"loc":{"start":{"line":56,"column":19},"end":{"line":56,"column":33}},"locations":[{"start":{"line":56,"column":19},"end":{"line":56,"column":33}}]},"27":{"type":"branch","line":58,"loc":{"start":{"line":58,"column":43},"end":{"line":64,"column":13}},"locations":[{"start":{"line":58,"column":43},"end":{"line":64,"column":13}}]},"28":{"type":"branch","line":62,"loc":{"start":{"line":62,"column":27},"end":{"line":62,"column":33}},"locations":[{"start":{"line":62,"column":27},"end":{"line":62,"column":33}}]},"29":{"type":"branch","line":65,"loc":{"start":{"line":65,"column":48},"end":{"line":68,"column":13}},"locations":[{"start":{"line":65,"column":48},"end":{"line":68,"column":13}}]},"30":{"type":"branch","line":66,"loc":{"start":{"line":66,"column":49},"end":{"line":68,"column":13}},"locations":[{"start":{"line":66,"column":49},"end":{"line":68,"column":13}}]},"31":{"type":"branch","line":70,"loc":{"start":{"line":70,"column":-1},"end":{"line":80,"column":9}},"locations":[{"start":{"line":70,"column":-1},"end":{"line":80,"column":9}}]},"32":{"type":"branch","line":72,"loc":{"start":{"line":72,"column":58},"end":{"line":79,"column":13}},"locations":[{"start":{"line":72,"column":58},"end":{"line":79,"column":13}}]},"33":{"type":"branch","line":78,"loc":{"start":{"line":78,"column":27},"end":{"line":78,"column":33}},"locations":[{"start":{"line":78,"column":27},"end":{"line":78,"column":33}}]},"34":{"type":"branch","line":81,"loc":{"start":{"line":81,"column":27},"end":{"line":83,"column":5}},"locations":[{"start":{"line":81,"column":27},"end":{"line":83,"column":5}}]},"35":{"type":"branch","line":84,"loc":{"start":{"line":84,"column":11},"end":{"line":88,"column":5}},"locations":[{"start":{"line":84,"column":11},"end":{"line":88,"column":5}}]},"36":{"type":"branch","line":106,"loc":{"start":{"line":106,"column":4},"end":{"line":112,"column":5}},"locations":[{"start":{"line":106,"column":4},"end":{"line":112,"column":5}}]},"37":{"type":"branch","line":108,"loc":{"start":{"line":108,"column":46},"end":{"line":111,"column":9}},"locations":[{"start":{"line":108,"column":46},"end":{"line":111,"column":9}}]}},"b":{"0":[15],"1":[2],"2":[13],"3":[13],"4":[2],"5":[11],"6":[1],"7":[34],"8":[1],"9":[33],"10":[1],"11":[0],"12":[24],"13":[16],"14":[8],"15":[9],"16":[4],"17":[5],"18":[20],"19":[0],"20":[20],"21":[20],"22":[1],"23":[8],"24":[4],"25":[3],"26":[0],"27":[9],"28":[1],"29":[6],"30":[0],"31":[5],"32":[15],"33":[4],"34":[4],"35":[11],"36":[13],"37":[0]},"fnMap":{"0":{"name":"Mixin","decl":{"start":{"line":2,"column":4},"end":{"line":6,"column":5}},"loc":{"start":{"line":2,"column":4},"end":{"line":6,"column":5}},"line":2},"1":{"name":"factory","decl":{"start":{"line":7,"column":11},"end":{"line":13,"column":5}},"loc":{"start":{"line":7,"column":11},"end":{"line":13,"column":5}},"line":7},"2":{"name":"<static_fields_initializer>","decl":{"start":{"line":14,"column":24},"end":{"line":24,"column":31}},"loc":{"start":{"line":14,"column":24},"end":{"line":24,"column":31}},"line":14},"3":{"name":"get","decl":{"start":{"line":15,"column":13},"end":{"line":18,"column":10}},"loc":{"start":{"line":15,"column":13},"end":{"line":18,"column":10}},"line":15},"4":{"name":"set","decl":{"start":{"line":19,"column":13},"end":{"line":22,"column":9}},"loc":{"start":{"line":19,"column":13},"end":{"line":22,"column":9}},"line":19},"5":{"name":"construct","decl":{"start":{"line":25,"column":19},"end":{"line":29,"column":9}},"loc":{"start":{"line":25,"column":19},"end":{"line":29,"column":9}},"line":25},"6":{"name":"_assignArgument","decl":{"start":{"line":31,"column":11},"end":{"line":47,"column":5}},"loc":{"start":{"line":31,"column":11},"end":{"line":47,"column":5}},"line":31},"7":{"name":"getArgs","decl":{"start":{"line":48,"column":11},"end":{"line":83,"column":5}},"loc":{"start":{"line":48,"column":11},"end":{"line":83,"column":5}},"line":48},"8":{"name":"seal","decl":{"start":{"line":84,"column":11},"end":{"line":88,"column":5}},"loc":{"start":{"line":84,"column":11},"end":{"line":88,"column":5}},"line":84},"9":{"name":"varToString","decl":{"start":{"line":89,"column":11},"end":{"line":98,"column":5}},"loc":{"start":{"line":89,"column":11},"end":{"line":98,"column":5}},"line":89},"10":{"name":"mixin","decl":{"start":{"line":99,"column":11},"end":{"line":105,"column":5}},"loc":{"start":{"line":99,"column":11},"end":{"line":105,"column":5}},"line":99},"11":{"name":"_mixin_","decl":{"start":{"line":106,"column":4},"end":{"line":112,"column":5}},"loc":{"start":{"line":106,"column":4},"end":{"line":112,"column":5}},"line":106},"12":{"name":"_checkArgs_","decl":{"start":{"line":113,"column":4},"end":{"line":115,"column":5}},"loc":{"start":{"line":113,"column":4},"end":{"line":115,"column":5}},"line":113}},"f":{"0":15,"1":13,"2":1,"3":34,"4":1,"5":0,"6":24,"7":8,"8":11,"9":0,"10":0,"11":13,"12":0}}
}
