TN:
SF:js/Mixin.js
FN:2,Mixin
FN:7,factory
FN:14,<static_initializer>
FN:15,get
FN:19,set
FN:31,_assignArgument
FN:48,getArgs
FN:84,seal
FN:89,mixin
FN:102,_mixin_
FNF:10
FNH:10
FNDA:18,Mixin
FNDA:16,factory
FNDA:1,<static_initializer>
FNDA:46,get
FNDA:2,set
FNDA:35,_assignArgument
FNDA:13,getArgs
FNDA:17,seal
FNDA:4,mixin
FNDA:16,_mixin_
DA:1,1
DA:2,1
DA:3,18
DA:4,18
DA:5,16
DA:6,16
DA:7,1
DA:8,16
DA:9,16
DA:10,16
DA:11,14
DA:12,14
DA:13,14
DA:14,1
DA:15,1
DA:16,46
DA:17,45
DA:18,45
DA:19,1
DA:20,2
DA:21,1
DA:22,1
DA:23,1
DA:24,1
DA:25,1
DA:26,1
DA:27,1
DA:28,1
DA:29,1
DA:30,1
DA:31,1
DA:32,35
DA:33,35
DA:34,35
DA:35,11
DA:36,5
DA:37,5
DA:38,5
DA:39,6
DA:40,6
DA:41,30
DA:42,35
DA:43,35
DA:44,1
DA:45,1
DA:46,1
DA:47,35
DA:48,1
DA:49,13
DA:50,13
DA:51,13
DA:52,13
DA:53,13
DA:54,13
DA:55,4
DA:56,4
DA:57,4
DA:58,4
DA:59,12
DA:60,12
DA:61,12
DA:62,12
DA:63,12
DA:64,12
DA:65,4
DA:66,8
DA:67,1
DA:68,1
DA:69,4
DA:70,9
DA:71,9
DA:72,9
DA:73,23
DA:74,23
DA:75,23
DA:76,23
DA:77,23
DA:78,23
DA:79,23
DA:80,9
DA:81,13
DA:82,8
DA:83,8
DA:84,1
DA:85,17
DA:86,17
DA:87,17
DA:88,17
DA:89,1
DA:90,4
DA:91,4
DA:92,6
DA:93,6
DA:94,11
DA:95,11
DA:96,5
DA:97,6
DA:98,4
DA:99,4
DA:100,4
DA:101,2
DA:102,1
DA:103,16
DA:104,16
DA:105,11
DA:106,11
DA:107,11
DA:108,16
DA:109,1
DA:110,1
DA:111,1
DA:112,1
DA:113,1
DA:114,1
DA:115,1
DA:116,1
LF:116
LH:116
BRDA:2,0,0,18
BRDA:4,1,0,2
BRDA:4,2,0,16
BRDA:7,3,0,16
BRDA:10,4,0,2
BRDA:10,5,0,14
BRDA:14,6,0,1
BRDA:15,7,0,46
BRDA:16,8,0,1
BRDA:16,9,0,45
BRDA:19,10,0,2
BRDA:20,11,0,1
BRDA:31,12,0,35
BRDA:33,13,0,18
BRDA:33,14,0,17
BRDA:34,15,0,11
BRDA:35,16,0,5
BRDA:39,17,0,6
BRDA:41,18,0,30
BRDA:42,19,0,0
BRDA:42,20,0,30
BRDA:43,21,0,30
BRDA:43,22,0,1
BRDA:48,23,0,13
BRDA:54,24,0,5
BRDA:54,25,0,4
BRDA:56,26,0,0
BRDA:58,27,0,12
BRDA:62,28,0,2
BRDA:65,29,0,8
BRDA:66,30,0,7
BRDA:66,31,0,1
BRDA:70,32,0,9
BRDA:72,33,0,23
BRDA:78,34,0,4
BRDA:81,35,0,5
BRDA:81,36,0,8
BRDA:84,37,0,17
BRDA:89,38,0,4
BRDA:91,39,0,6
BRDA:93,40,0,11
BRDA:94,41,0,2
BRDA:94,42,0,1
BRDA:96,43,0,5
BRDA:97,44,0,1
BRDA:97,45,0,4
BRDA:101,46,0,2
BRDA:102,47,0,16
BRDA:103,48,0,6
BRDA:104,49,0,11
BRF:50
BRH:48
end_of_record
