TN:
SF:js/Mixin.js
FN:2,Mixin
FN:7,factory
FN:14,<static_fields_initializer>
FN:15,get
FN:19,set
FN:25,construct
FN:31,_assignArgument
FN:48,getArgs
FN:84,seal
FN:89,varToString
FN:99,mixin
FN:106,_mixin_
FN:113,_checkArgs_
FNF:13
FNH:9
FNDA:15,Mixin
FNDA:13,factory
FNDA:1,<static_fields_initializer>
FNDA:34,get
FNDA:1,set
FNDA:0,construct
FNDA:24,_assignArgument
FNDA:8,getArgs
FNDA:11,seal
FNDA:0,varToString
FNDA:0,mixin
FNDA:13,_mixin_
FNDA:0,_checkArgs_
DA:1,1
DA:2,1
DA:3,15
DA:4,15
DA:5,13
DA:6,13
DA:7,1
DA:8,13
DA:9,13
DA:10,13
DA:11,11
DA:12,11
DA:13,11
DA:14,1
DA:15,1
DA:16,34
DA:17,33
DA:18,33
DA:19,1
DA:20,1
DA:21,0
DA:22,0
DA:23,1
DA:24,1
DA:25,1
DA:26,0
DA:27,0
DA:28,0
DA:29,0
DA:30,1
DA:31,1
DA:32,24
DA:33,24
DA:34,24
DA:35,9
DA:36,4
DA:37,4
DA:38,4
DA:39,5
DA:40,5
DA:41,20
DA:42,24
DA:43,24
DA:44,1
DA:45,1
DA:46,1
DA:47,24
DA:48,1
DA:49,8
DA:50,8
DA:51,8
DA:52,8
DA:53,8
DA:54,8
DA:55,3
DA:56,3
DA:57,3
DA:58,3
DA:59,9
DA:60,9
DA:61,9
DA:62,9
DA:63,9
DA:64,9
DA:65,3
DA:66,6
DA:67,0
DA:68,0
DA:69,3
DA:70,5
DA:71,5
DA:72,5
DA:73,15
DA:74,15
DA:75,15
DA:76,15
DA:77,15
DA:78,15
DA:79,15
DA:80,5
DA:81,8
DA:82,4
DA:83,4
DA:84,1
DA:85,11
DA:86,11
DA:87,11
DA:88,11
DA:89,1
DA:90,0
DA:91,0
DA:92,0
DA:93,0
DA:94,0
DA:95,0
DA:96,0
DA:97,0
DA:98,0
DA:99,1
DA:100,0
DA:101,0
DA:102,0
DA:103,0
DA:104,0
DA:105,0
DA:106,1
DA:107,13
DA:108,13
DA:109,0
DA:110,0
DA:111,0
DA:112,13
DA:113,1
DA:114,0
DA:115,0
DA:116,1
DA:117,1
DA:118,1
DA:119,1
DA:120,1
LF:120
LH:92
BRDA:2,0,0,15
BRDA:4,1,0,2
BRDA:4,2,0,13
BRDA:7,3,0,13
BRDA:10,4,0,2
BRDA:10,5,0,11
BRDA:14,6,0,1
BRDA:15,7,0,34
BRDA:16,8,0,1
BRDA:16,9,0,33
BRDA:19,10,0,1
BRDA:20,11,0,0
BRDA:31,12,0,24
BRDA:33,13,0,16
BRDA:33,14,0,8
BRDA:34,15,0,9
BRDA:35,16,0,4
BRDA:39,17,0,5
BRDA:41,18,0,20
BRDA:42,19,0,0
BRDA:42,20,0,20
BRDA:43,21,0,20
BRDA:43,22,0,1
BRDA:48,23,0,8
BRDA:54,24,0,4
BRDA:54,25,0,3
BRDA:56,26,0,0
BRDA:58,27,0,9
BRDA:62,28,0,1
BRDA:65,29,0,6
BRDA:66,30,0,0
BRDA:70,31,0,5
BRDA:72,32,0,15
BRDA:78,33,0,4
BRDA:81,34,0,4
BRDA:84,35,0,11
BRDA:106,36,0,13
BRDA:108,37,0,0
BRF:38
BRH:33
end_of_record
